[debug] [2021-02-06T08:57:57.496Z] ----------------------------------------------------------------------
[debug] [2021-02-06T08:57:57.498Z] Command:       C:\Program Files\nodejs\node.exe C:\Users\Hp\AppData\Roaming\npm\node_modules\firebase-tools\lib\bin\firebase.js init
[debug] [2021-02-06T08:57:57.498Z] CLI Version:   9.3.0
[debug] [2021-02-06T08:57:57.498Z] Platform:      win32
[debug] [2021-02-06T08:57:57.498Z] Node Version:  v10.16.0
[debug] [2021-02-06T08:57:57.499Z] Time:          Sat Feb 06 2021 13:57:57 GMT+0500 (Pakistan Standard Time)
[debug] [2021-02-06T08:57:57.499Z] ----------------------------------------------------------------------
[debug] [2021-02-06T08:57:57.499Z] 
[debug] [2021-02-06T08:57:57.505Z] > command requires scopes: ["email","openid","https://www.googleapis.com/auth/cloudplatformprojects.readonly","https://www.googleapis.com/auth/firebase","https://www.googleapis.com/auth/cloud-platform"]
[debug] [2021-02-06T08:57:57.506Z] > authorizing via signed-in user
[info] 
     ######## #### ########  ######## ########     ###     ######  ########
     ##        ##  ##     ## ##       ##     ##  ##   ##  ##       ##
     ######    ##  ########  ######   ########  #########  ######  ######
     ##        ##  ##    ##  ##       ##     ## ##     ##       ## ##
     ##       #### ##     ## ######## ########  ##     ##  ######  ########

You're about to initialize a Firebase project in this directory:

  D:\Spread Deck\spread-decks

[info] 
=== Project Setup
[info] 
[info] First, let's associate this project directory with a Firebase project.
[info] You can create multiple project aliases by running firebase use --add, 
[info] but for now we'll just set up a default project.
[info] 
[debug] [2021-02-06T08:58:02.675Z] >>> [apiv2][query] GET https://firebase.googleapis.com/v1beta1/projects pageSize=100
[debug] [2021-02-06T08:58:32.188Z] ----------------------------------------------------------------------
[debug] [2021-02-06T08:58:32.190Z] Command:       C:\Program Files\nodejs\node.exe C:\Users\Hp\AppData\Roaming\npm\node_modules\firebase-tools\lib\bin\firebase.js init
[debug] [2021-02-06T08:58:32.191Z] CLI Version:   9.3.0
[debug] [2021-02-06T08:58:32.191Z] Platform:      win32
[debug] [2021-02-06T08:58:32.191Z] Node Version:  v10.16.0
[debug] [2021-02-06T08:58:32.192Z] Time:          Sat Feb 06 2021 13:58:32 GMT+0500 (Pakistan Standard Time)
[debug] [2021-02-06T08:58:32.192Z] ----------------------------------------------------------------------
[debug] [2021-02-06T08:58:32.192Z] 
[debug] [2021-02-06T08:58:32.198Z] > command requires scopes: ["email","openid","https://www.googleapis.com/auth/cloudplatformprojects.readonly","https://www.googleapis.com/auth/firebase","https://www.googleapis.com/auth/cloud-platform"]
[debug] [2021-02-06T08:58:32.199Z] > authorizing via signed-in user
[info] 
     ######## #### ########  ######## ########     ###     ######  ########
     ##        ##  ##     ## ##       ##     ##  ##   ##  ##       ##
     ######    ##  ########  ######   ########  #########  ######  ######
     ##        ##  ##    ##  ##       ##     ## ##     ##       ## ##
     ##       #### ##     ## ######## ########  ##     ##  ######  ########

You're about to initialize a Firebase project in this directory:

  D:\Spread Deck\spread-decks

[info] 
=== Project Setup
[info] 
[info] First, let's associate this project directory with a Firebase project.
[info] You can create multiple project aliases by running firebase use --add, 
[info] but for now we'll just set up a default project.
[info] 
[debug] [2021-02-06T08:58:38.405Z] >>> [apiv2][query] GET https://firebase.googleapis.com/v1beta1/projects pageSize=100
[debug] [2021-02-06T08:58:59.432Z] Failed to make request to https://firebase.googleapis.com/v1beta1/projects?pageSize=100
[debug] [2021-02-06T08:59:00.401Z] FirebaseError: Failed to make request to https://firebase.googleapis.com/v1beta1/projects?pageSize=100
    at Client.doRequest (C:\Users\Hp\AppData\Roaming\npm\node_modules\firebase-tools\lib\apiv2.js:200:19)
    at process._tickCallback (internal/process/next_tick.js:68:7)
[error] 
[error] Error: Failed to list Firebase projects. See firebase-debug.log for more info.
